# JRE version: OpenJDK Runtime Environment Temurin-21.0.3+9 (21.0.3+9) (build 21.0.3+9-LTS)
# Java VM: OpenJDK 64-Bit Server VM Temurin-21.0.3+9 (21.0.3+9-LTS, mixed mode, emulated-client, tiered, compressed oops, compressed class ptrs, g1 gc, windows-amd64)
GC Precious Log:
 CardTable entry size: 512
 Card Set container configuration: InlinePtr #cards 5 size 8 Array Of Cards #cards 12 size 40 Howl #buckets 4 coarsen threshold 1843 Howl Bitmap #cards 512 size 80 coarsen threshold 460 Card regions per heap region 1 cards per card region 2048
 CPUs: 4 total, 4 available
 Memory: 3838M
 Large Page Support: Disabled
 NUMA Support: Disabled
 Compressed Oops: Enabled (32-bit)
 Heap Region Size: 1M
 Heap Min Capacity: 8M
 Heap Initial Capacity: 60M
 Heap Max Capacity: 960M
 Pre-touch: Disabled
 Parallel Workers: 4
 Concurrent Workers: 1
 Concurrent Refinement Workers: 4
 Periodic GC: Disabled
Heap:
 garbage-first heap   total 54272K, used 32742K [0x00000000c4000000, 0x0000000100000000)
  region size 1024K, 16 young (16384K), 3 survivors (3072K)
 Metaspace       used 40063K, committed 40512K, reserved 1114112K
  class space    used 4914K, committed 5120K, reserved 1048576K
GC Heap History (18 events):
Event: 0.634 GC heap before
{Heap before GC invocations=0 (full 0):
 garbage-first heap   total 61440K, used 14336K [0x00000000c4000000, 0x0000000100000000)
  region size 1024K, 13 young (13312K), 0 survivors (0K)
 Metaspace       used 10625K, committed 10816K, reserved 1114112K
  class space    used 1007K, committed 1088K, reserved 1048576K
}
Event: 0.639 GC heap after
{Heap after GC invocations=1 (full 0):
 garbage-first heap   total 61440K, used 6304K [0x00000000c4000000, 0x0000000100000000)
  region size 1024K, 2 young (2048K), 2 survivors (2048K)
 Metaspace       used 10625K, committed 10816K, reserved 1114112K
  class space    used 1007K, committed 1088K, reserved 1048576K
}
Event: 0.976 GC heap before
{Heap before GC invocations=1 (full 0):
 garbage-first heap   total 61440K, used 19616K [0x00000000c4000000, 0x0000000100000000)
  region size 1024K, 14 young (14336K), 2 survivors (2048K)
 Metaspace       used 16559K, committed 16768K, reserved 1114112K
  class space    used 1652K, committed 1728K, reserved 1048576K
}
Event: 0.981 GC heap after
{Heap after GC invocations=2 (full 0):
 garbage-first heap   total 61440K, used 10021K [0x00000000c4000000, 0x0000000100000000)
  region size 1024K, 2 young (2048K), 2 survivors (2048K)
 Metaspace       used 16559K, committed 16768K, reserved 1114112K
  class space    used 1652K, committed 1728K, reserved 1048576K
}
Event: 1.322 GC heap before
{Heap before GC invocations=2 (full 0):
 garbage-first heap   total 61440K, used 34597K [0x00000000c4000000, 0x0000000100000000)
  region size 1024K, 24 young (24576K), 2 survivors (2048K)
 Metaspace       used 21249K, committed 21504K, reserved 1114112K
  class space    used 2266K, committed 2368K, reserved 1048576K
}
Event: 1.329 GC heap after
{Heap after GC invocations=3 (full 0):
 garbage-first heap   total 61440K, used 12125K [0x00000000c4000000, 0x0000000100000000)
  region size 1024K, 4 young (4096K), 4 survivors (4096K)
 Metaspace       used 21249K, committed 21504K, reserved 1114112K
  class space    used 2266K, committed 2368K, reserved 1048576K
}
Event: 1.703 GC heap before
{Heap before GC invocations=4 (full 0):
 garbage-first heap   total 45056K, used 34653K [0x00000000c4000000, 0x0000000100000000)
  region size 1024K, 26 young (26624K), 4 survivors (4096K)
 Metaspace       used 26179K, committed 26496K, reserved 1114112K
  class space    used 2866K, committed 3008K, reserved 1048576K
}
Event: 1.710 GC heap after
{Heap after GC invocations=5 (full 0):
 garbage-first heap   total 45056K, used 14084K [0x00000000c4000000, 0x0000000100000000)
  region size 1024K, 2 young (2048K), 2 survivors (2048K)
 Metaspace       used 26179K, committed 26496K, reserved 1114112K
  class space    used 2866K, committed 3008K, reserved 1048576K
}
Event: 12.158 GC heap before
{Heap before GC invocations=5 (full 0):
 garbage-first heap   total 45056K, used 31492K [0x00000000c4000000, 0x0000000100000000)
  region size 1024K, 20 young (20480K), 2 survivors (2048K)
 Metaspace       used 29487K, committed 29888K, reserved 1114112K
  class space    used 3324K, committed 3520K, reserved 1048576K
}
Event: 12.162 GC heap after
{Heap after GC invocations=6 (full 0):
 garbage-first heap   total 45056K, used 14853K [0x00000000c4000000, 0x0000000100000000)
  region size 1024K, 3 young (3072K), 3 survivors (3072K)
 Metaspace       used 29487K, committed 29888K, reserved 1114112K
  class space    used 3324K, committed 3520K, reserved 1048576K
}
Event: 12.566 GC heap before
{Heap before GC invocations=6 (full 0):
 garbage-first heap   total 45056K, used 34309K [0x00000000c4000000, 0x0000000100000000)
  region size 1024K, 22 young (22528K), 3 survivors (3072K)
 Metaspace       used 33461K, committed 33856K, reserved 1114112K
  class space    used 3920K, committed 4096K, reserved 1048576K
}
Event: 12.572 GC heap after
{Heap after GC invocations=7 (full 0):
 garbage-first heap   total 45056K, used 17149K [0x00000000c4000000, 0x0000000100000000)
  region size 1024K, 3 young (3072K), 3 survivors (3072K)
 Metaspace       used 33461K, committed 33856K, reserved 1114112K
  class space    used 3920K, committed 4096K, reserved 1048576K
}
Event: 12.859 GC heap before
{Heap before GC invocations=7 (full 0):
 garbage-first heap   total 45056K, used 36605K [0x00000000c4000000, 0x0000000100000000)
  region size 1024K, 22 young (22528K), 3 survivors (3072K)
 Metaspace       used 34896K, committed 35264K, reserved 1114112K
  class space    used 4103K, committed 4288K, reserved 1048576K
}
Event: 12.866 GC heap after
{Heap after GC invocations=8 (full 0):
 garbage-first heap   total 54272K, used 18963K [0x00000000c4000000, 0x0000000100000000)
  region size 1024K, 2 young (2048K), 2 survivors (2048K)
 Metaspace       used 34896K, committed 35264K, reserved 1114112K
  class space    used 4103K, committed 4288K, reserved 1048576K
}
Event: 13.055 GC heap before
{Heap before GC invocations=8 (full 0):
 garbage-first heap   total 54272K, used 32275K [0x00000000c4000000, 0x0000000100000000)
  region size 1024K, 16 young (16384K), 2 survivors (2048K)
 Metaspace       used 35734K, committed 36096K, reserved 1114112K
  class space    used 4234K, committed 4416K, reserved 1048576K
}
Event: 13.059 GC heap after
{Heap after GC invocations=9 (full 0):
 garbage-first heap   total 54272K, used 20398K [0x00000000c4000000, 0x0000000100000000)
  region size 1024K, 4 young (4096K), 4 survivors (4096K)
 Metaspace       used 35734K, committed 36096K, reserved 1114112K
  class space    used 4234K, committed 4416K, reserved 1048576K
}
Event: 13.505 GC heap before
{Heap before GC invocations=10 (full 0):
 garbage-first heap   total 54272K, used 43950K [0x00000000c4000000, 0x0000000100000000)
  region size 1024K, 27 young (27648K), 4 survivors (4096K)
 Metaspace       used 37865K, committed 38272K, reserved 1114112K
  class space    used 4582K, committed 4800K, reserved 1048576K
}
Event: 13.512 GC heap after
{Heap after GC invocations=11 (full 0):
 garbage-first heap   total 54272K, used 21478K [0x00000000c4000000, 0x0000000100000000)
  region size 1024K, 3 young (3072K), 3 survivors (3072K)
 Metaspace       used 37865K, committed 38272K, reserved 1114112K
  class space    used 4582K, committed 4800K, reserved 1048576K
}

