# JRE version: OpenJDK Runtime Environment Temurin-21.0.3+9 (21.0.3+9) (build 21.0.3+9-LTS)
# Java VM: OpenJDK 64-Bit Server VM Temurin-21.0.3+9 (21.0.3+9-LTS, mixed mode, emulated-client, tiered, compressed oops, compressed class ptrs, g1 gc, windows-amd64)
GC Precious Log:
 CardTable entry size: 512
 Card Set container configuration: InlinePtr #cards 5 size 8 Array Of Cards #cards 12 size 40 Howl #buckets 4 coarsen threshold 1843 Howl Bitmap #cards 512 size 80 coarsen threshold 460 Card regions per heap region 1 cards per card region 2048
 CPUs: 4 total, 4 available
 Memory: 3838M
 Large Page Support: Disabled
 NUMA Support: Disabled
 Compressed Oops: Enabled (32-bit)
 Heap Region Size: 1M
 Heap Min Capacity: 8M
 Heap Initial Capacity: 60M
 Heap Max Capacity: 1G
 Pre-touch: Disabled
 Parallel Workers: 4
 Concurrent Workers: 1
 Concurrent Refinement Workers: 4
 Periodic GC: Disabled
Heap:
 garbage-first heap   total 148480K, used 54912K [0x00000000c0000000, 0x0000000100000000)
  region size 1024K, 1 young (1024K), 0 survivors (0K)
 Metaspace       used 68174K, committed 69184K, reserved 1114112K
  class space    used 8248K, committed 8704K, reserved 1048576K
GC Heap History (20 events):
Event: 12946.722 GC heap after
{Heap after GC invocations=993 (full 891):
 garbage-first heap   total 148480K, used 54912K [0x00000000c0000000, 0x0000000100000000)
  region size 1024K, 0 young (0K), 0 survivors (0K)
 Metaspace       used 68174K, committed 69184K, reserved 1114112K
  class space    used 8248K, committed 8704K, reserved 1048576K
}
Event: 12956.822 GC heap before
{Heap before GC invocations=993 (full 891):
 garbage-first heap   total 148480K, used 54912K [0x00000000c0000000, 0x0000000100000000)
  region size 1024K, 1 young (1024K), 0 survivors (0K)
 Metaspace       used 68174K, committed 69184K, reserved 1114112K
  class space    used 8248K, committed 8704K, reserved 1048576K
}
Event: 12956.855 GC heap after
{Heap after GC invocations=994 (full 892):
 garbage-first heap   total 148480K, used 54912K [0x00000000c0000000, 0x0000000100000000)
  region size 1024K, 0 young (0K), 0 survivors (0K)
 Metaspace       used 68174K, committed 69184K, reserved 1114112K
  class space    used 8248K, committed 8704K, reserved 1048576K
}
Event: 12966.937 GC heap before
{Heap before GC invocations=994 (full 892):
 garbage-first heap   total 148480K, used 54912K [0x00000000c0000000, 0x0000000100000000)
  region size 1024K, 1 young (1024K), 0 survivors (0K)
 Metaspace       used 68174K, committed 69184K, reserved 1114112K
  class space    used 8248K, committed 8704K, reserved 1048576K
}
Event: 12966.968 GC heap after
{Heap after GC invocations=995 (full 893):
 garbage-first heap   total 148480K, used 54912K [0x00000000c0000000, 0x0000000100000000)
  region size 1024K, 0 young (0K), 0 survivors (0K)
 Metaspace       used 68174K, committed 69184K, reserved 1114112K
  class space    used 8248K, committed 8704K, reserved 1048576K
}
Event: 12977.056 GC heap before
{Heap before GC invocations=995 (full 893):
 garbage-first heap   total 148480K, used 54912K [0x00000000c0000000, 0x0000000100000000)
  region size 1024K, 1 young (1024K), 0 survivors (0K)
 Metaspace       used 68174K, committed 69184K, reserved 1114112K
  class space    used 8248K, committed 8704K, reserved 1048576K
}
Event: 12977.088 GC heap after
{Heap after GC invocations=996 (full 894):
 garbage-first heap   total 148480K, used 54912K [0x00000000c0000000, 0x0000000100000000)
  region size 1024K, 0 young (0K), 0 survivors (0K)
 Metaspace       used 68174K, committed 69184K, reserved 1114112K
  class space    used 8248K, committed 8704K, reserved 1048576K
}
Event: 12987.174 GC heap before
{Heap before GC invocations=996 (full 894):
 garbage-first heap   total 148480K, used 54912K [0x00000000c0000000, 0x0000000100000000)
  region size 1024K, 1 young (1024K), 0 survivors (0K)
 Metaspace       used 68174K, committed 69184K, reserved 1114112K
  class space    used 8248K, committed 8704K, reserved 1048576K
}
Event: 12987.206 GC heap after
{Heap after GC invocations=997 (full 895):
 garbage-first heap   total 148480K, used 54912K [0x00000000c0000000, 0x0000000100000000)
  region size 1024K, 0 young (0K), 0 survivors (0K)
 Metaspace       used 68174K, committed 69184K, reserved 1114112K
  class space    used 8248K, committed 8704K, reserved 1048576K
}
Event: 13005.433 GC heap before
{Heap before GC invocations=997 (full 895):
 garbage-first heap   total 148480K, used 54912K [0x00000000c0000000, 0x0000000100000000)
  region size 1024K, 1 young (1024K), 0 survivors (0K)
 Metaspace       used 68174K, committed 69184K, reserved 1114112K
  class space    used 8248K, committed 8704K, reserved 1048576K
}
Event: 13005.471 GC heap after
{Heap after GC invocations=998 (full 896):
 garbage-first heap   total 148480K, used 54912K [0x00000000c0000000, 0x0000000100000000)
  region size 1024K, 0 young (0K), 0 survivors (0K)
 Metaspace       used 68174K, committed 69184K, reserved 1114112K
  class space    used 8248K, committed 8704K, reserved 1048576K
}
Event: 13015.563 GC heap before
{Heap before GC invocations=998 (full 896):
 garbage-first heap   total 148480K, used 54912K [0x00000000c0000000, 0x0000000100000000)
  region size 1024K, 1 young (1024K), 0 survivors (0K)
 Metaspace       used 68174K, committed 69184K, reserved 1114112K
  class space    used 8248K, committed 8704K, reserved 1048576K
}
Event: 13015.596 GC heap after
{Heap after GC invocations=999 (full 897):
 garbage-first heap   total 148480K, used 54912K [0x00000000c0000000, 0x0000000100000000)
  region size 1024K, 0 young (0K), 0 survivors (0K)
 Metaspace       used 68174K, committed 69184K, reserved 1114112K
  class space    used 8248K, committed 8704K, reserved 1048576K
}
Event: 13025.690 GC heap before
{Heap before GC invocations=999 (full 897):
 garbage-first heap   total 148480K, used 54912K [0x00000000c0000000, 0x0000000100000000)
  region size 1024K, 1 young (1024K), 0 survivors (0K)
 Metaspace       used 68174K, committed 69184K, reserved 1114112K
  class space    used 8248K, committed 8704K, reserved 1048576K
}
Event: 13025.730 GC heap after
{Heap after GC invocations=1000 (full 898):
 garbage-first heap   total 148480K, used 54912K [0x00000000c0000000, 0x0000000100000000)
  region size 1024K, 0 young (0K), 0 survivors (0K)
 Metaspace       used 68174K, committed 69184K, reserved 1114112K
  class space    used 8248K, committed 8704K, reserved 1048576K
}
Event: 13035.983 GC heap before
{Heap before GC invocations=1000 (full 898):
 garbage-first heap   total 148480K, used 54912K [0x00000000c0000000, 0x0000000100000000)
  region size 1024K, 1 young (1024K), 0 survivors (0K)
 Metaspace       used 68174K, committed 69184K, reserved 1114112K
  class space    used 8248K, committed 8704K, reserved 1048576K
}
Event: 13036.022 GC heap after
{Heap after GC invocations=1001 (full 899):
 garbage-first heap   total 148480K, used 54912K [0x00000000c0000000, 0x0000000100000000)
  region size 1024K, 0 young (0K), 0 survivors (0K)
 Metaspace       used 68174K, committed 69184K, reserved 1114112K
  class space    used 8248K, committed 8704K, reserved 1048576K
}
Event: 13046.216 GC heap before
{Heap before GC invocations=1001 (full 899):
 garbage-first heap   total 148480K, used 54912K [0x00000000c0000000, 0x0000000100000000)
  region size 1024K, 1 young (1024K), 0 survivors (0K)
 Metaspace       used 68174K, committed 69184K, reserved 1114112K
  class space    used 8248K, committed 8704K, reserved 1048576K
}
Event: 13046.260 GC heap after
{Heap after GC invocations=1002 (full 900):
 garbage-first heap   total 148480K, used 54912K [0x00000000c0000000, 0x0000000100000000)
  region size 1024K, 0 young (0K), 0 survivors (0K)
 Metaspace       used 68174K, committed 69184K, reserved 1114112K
  class space    used 8248K, committed 8704K, reserved 1048576K
}
Event: 13057.295 GC heap before
{Heap before GC invocations=1002 (full 900):
 garbage-first heap   total 148480K, used 54912K [0x00000000c0000000, 0x0000000100000000)
  region size 1024K, 1 young (1024K), 0 survivors (0K)
 Metaspace       used 68174K, committed 69184K, reserved 1114112K
  class space    used 8248K, committed 8704K, reserved 1048576K
}

