# JRE version: OpenJDK Runtime Environment Temurin-21.0.3+9 (21.0.3+9) (build 21.0.3+9-LTS)
# Java VM: OpenJDK 64-Bit Server VM Temurin-21.0.3+9 (21.0.3+9-LTS, mixed mode, emulated-client, tiered, compressed oops, compressed class ptrs, g1 gc, windows-amd64)
GC Precious Log:
 CardTable entry size: 512
 Card Set container configuration: InlinePtr #cards 5 size 8 Array Of Cards #cards 12 size 40 Howl #buckets 4 coarsen threshold 1843 Howl Bitmap #cards 512 size 80 coarsen threshold 460 Card regions per heap region 1 cards per card region 2048
 CPUs: 4 total, 4 available
 Memory: 3838M
 Large Page Support: Disabled
 NUMA Support: Disabled
 Compressed Oops: Enabled (32-bit)
 Heap Region Size: 1M
 Heap Min Capacity: 8M
 Heap Initial Capacity: 60M
 Heap Max Capacity: 1G
 Pre-touch: Disabled
 Parallel Workers: 4
 Concurrent Workers: 1
 Concurrent Refinement Workers: 4
 Periodic GC: Disabled
Heap:
 garbage-first heap   total 107520K, used 50926K [0x00000000c0000000, 0x0000000100000000)
  region size 1024K, 1 young (1024K), 0 survivors (0K)
 Metaspace       used 67336K, committed 68480K, reserved 1114112K
  class space    used 8077K, committed 8512K, reserved 1048576K
GC Heap History (20 events):
Event: 3495.317 GC heap after
{Heap after GC invocations=255 (full 191):
 garbage-first heap   total 107520K, used 50933K [0x00000000c0000000, 0x0000000100000000)
  region size 1024K, 0 young (0K), 0 survivors (0K)
 Metaspace       used 67347K, committed 68480K, reserved 1114112K
  class space    used 8079K, committed 8512K, reserved 1048576K
}
Event: 3505.434 GC heap before
{Heap before GC invocations=255 (full 191):
 garbage-first heap   total 107520K, used 50933K [0x00000000c0000000, 0x0000000100000000)
  region size 1024K, 1 young (1024K), 0 survivors (0K)
 Metaspace       used 67347K, committed 68480K, reserved 1114112K
  class space    used 8079K, committed 8512K, reserved 1048576K
}
Event: 3505.470 GC heap after
{Heap after GC invocations=256 (full 192):
 garbage-first heap   total 107520K, used 50933K [0x00000000c0000000, 0x0000000100000000)
  region size 1024K, 0 young (0K), 0 survivors (0K)
 Metaspace       used 67347K, committed 68480K, reserved 1114112K
  class space    used 8079K, committed 8512K, reserved 1048576K
}
Event: 3515.630 GC heap before
{Heap before GC invocations=256 (full 192):
 garbage-first heap   total 107520K, used 50933K [0x00000000c0000000, 0x0000000100000000)
  region size 1024K, 1 young (1024K), 0 survivors (0K)
 Metaspace       used 67347K, committed 68480K, reserved 1114112K
  class space    used 8079K, committed 8512K, reserved 1048576K
}
Event: 3515.684 GC heap after
{Heap after GC invocations=257 (full 193):
 garbage-first heap   total 107520K, used 50926K [0x00000000c0000000, 0x0000000100000000)
  region size 1024K, 0 young (0K), 0 survivors (0K)
 Metaspace       used 67336K, committed 68480K, reserved 1114112K
  class space    used 8077K, committed 8512K, reserved 1048576K
}
Event: 3525.823 GC heap before
{Heap before GC invocations=257 (full 193):
 garbage-first heap   total 107520K, used 50926K [0x00000000c0000000, 0x0000000100000000)
  region size 1024K, 1 young (1024K), 0 survivors (0K)
 Metaspace       used 67336K, committed 68480K, reserved 1114112K
  class space    used 8077K, committed 8512K, reserved 1048576K
}
Event: 3525.867 GC heap after
{Heap after GC invocations=258 (full 194):
 garbage-first heap   total 107520K, used 50926K [0x00000000c0000000, 0x0000000100000000)
  region size 1024K, 0 young (0K), 0 survivors (0K)
 Metaspace       used 67336K, committed 68480K, reserved 1114112K
  class space    used 8077K, committed 8512K, reserved 1048576K
}
Event: 3535.996 GC heap before
{Heap before GC invocations=258 (full 194):
 garbage-first heap   total 107520K, used 50926K [0x00000000c0000000, 0x0000000100000000)
  region size 1024K, 1 young (1024K), 0 survivors (0K)
 Metaspace       used 67336K, committed 68480K, reserved 1114112K
  class space    used 8077K, committed 8512K, reserved 1048576K
}
Event: 3536.034 GC heap after
{Heap after GC invocations=259 (full 195):
 garbage-first heap   total 107520K, used 50926K [0x00000000c0000000, 0x0000000100000000)
  region size 1024K, 0 young (0K), 0 survivors (0K)
 Metaspace       used 67336K, committed 68480K, reserved 1114112K
  class space    used 8077K, committed 8512K, reserved 1048576K
}
Event: 3546.357 GC heap before
{Heap before GC invocations=259 (full 195):
 garbage-first heap   total 107520K, used 50926K [0x00000000c0000000, 0x0000000100000000)
  region size 1024K, 1 young (1024K), 0 survivors (0K)
 Metaspace       used 67336K, committed 68480K, reserved 1114112K
  class space    used 8077K, committed 8512K, reserved 1048576K
}
Event: 3546.428 GC heap after
{Heap after GC invocations=260 (full 196):
 garbage-first heap   total 107520K, used 50926K [0x00000000c0000000, 0x0000000100000000)
  region size 1024K, 0 young (0K), 0 survivors (0K)
 Metaspace       used 67336K, committed 68480K, reserved 1114112K
  class space    used 8077K, committed 8512K, reserved 1048576K
}
Event: 3556.545 GC heap before
{Heap before GC invocations=260 (full 196):
 garbage-first heap   total 107520K, used 50926K [0x00000000c0000000, 0x0000000100000000)
  region size 1024K, 1 young (1024K), 0 survivors (0K)
 Metaspace       used 67336K, committed 68480K, reserved 1114112K
  class space    used 8077K, committed 8512K, reserved 1048576K
}
Event: 3556.590 GC heap after
{Heap after GC invocations=261 (full 197):
 garbage-first heap   total 107520K, used 50926K [0x00000000c0000000, 0x0000000100000000)
  region size 1024K, 0 young (0K), 0 survivors (0K)
 Metaspace       used 67336K, committed 68480K, reserved 1114112K
  class space    used 8077K, committed 8512K, reserved 1048576K
}
Event: 3566.755 GC heap before
{Heap before GC invocations=261 (full 197):
 garbage-first heap   total 107520K, used 50926K [0x00000000c0000000, 0x0000000100000000)
  region size 1024K, 1 young (1024K), 0 survivors (0K)
 Metaspace       used 67336K, committed 68480K, reserved 1114112K
  class space    used 8077K, committed 8512K, reserved 1048576K
}
Event: 3566.790 GC heap after
{Heap after GC invocations=262 (full 198):
 garbage-first heap   total 107520K, used 50926K [0x00000000c0000000, 0x0000000100000000)
  region size 1024K, 0 young (0K), 0 survivors (0K)
 Metaspace       used 67336K, committed 68480K, reserved 1114112K
  class space    used 8077K, committed 8512K, reserved 1048576K
}
Event: 3576.930 GC heap before
{Heap before GC invocations=262 (full 198):
 garbage-first heap   total 107520K, used 50926K [0x00000000c0000000, 0x0000000100000000)
  region size 1024K, 1 young (1024K), 0 survivors (0K)
 Metaspace       used 67336K, committed 68480K, reserved 1114112K
  class space    used 8077K, committed 8512K, reserved 1048576K
}
Event: 3576.963 GC heap after
{Heap after GC invocations=263 (full 199):
 garbage-first heap   total 107520K, used 50926K [0x00000000c0000000, 0x0000000100000000)
  region size 1024K, 0 young (0K), 0 survivors (0K)
 Metaspace       used 67336K, committed 68480K, reserved 1114112K
  class space    used 8077K, committed 8512K, reserved 1048576K
}
Event: 3587.071 GC heap before
{Heap before GC invocations=263 (full 199):
 garbage-first heap   total 107520K, used 50926K [0x00000000c0000000, 0x0000000100000000)
  region size 1024K, 1 young (1024K), 0 survivors (0K)
 Metaspace       used 67336K, committed 68480K, reserved 1114112K
  class space    used 8077K, committed 8512K, reserved 1048576K
}
Event: 3587.103 GC heap after
{Heap after GC invocations=264 (full 200):
 garbage-first heap   total 107520K, used 50926K [0x00000000c0000000, 0x0000000100000000)
  region size 1024K, 0 young (0K), 0 survivors (0K)
 Metaspace       used 67336K, committed 68480K, reserved 1114112K
  class space    used 8077K, committed 8512K, reserved 1048576K
}
Event: 3597.243 GC heap before
{Heap before GC invocations=264 (full 200):
 garbage-first heap   total 107520K, used 50926K [0x00000000c0000000, 0x0000000100000000)
  region size 1024K, 1 young (1024K), 0 survivors (0K)
 Metaspace       used 67336K, committed 68480K, reserved 1114112K
  class space    used 8077K, committed 8512K, reserved 1048576K
}

