# JRE version: OpenJDK Runtime Environment Temurin-21.0.3+9 (21.0.3+9) (build 21.0.3+9-LTS)
# Java VM: OpenJDK 64-Bit Server VM Temurin-21.0.3+9 (21.0.3+9-LTS, mixed mode, emulated-client, tiered, compressed oops, compressed class ptrs, g1 gc, windows-amd64)
GC Precious Log:
 CardTable entry size: 512
 Card Set container configuration: InlinePtr #cards 5 size 8 Array Of Cards #cards 12 size 40 Howl #buckets 4 coarsen threshold 1843 Howl Bitmap #cards 512 size 80 coarsen threshold 460 Card regions per heap region 1 cards per card region 2048
 CPUs: 4 total, 4 available
 Memory: 3838M
 Large Page Support: Disabled
 NUMA Support: Disabled
 Compressed Oops: Enabled (32-bit)
 Heap Region Size: 1M
 Heap Min Capacity: 8M
 Heap Initial Capacity: 60M
 Heap Max Capacity: 1G
 Pre-touch: Disabled
 Parallel Workers: 4
 Concurrent Workers: 1
 Concurrent Refinement Workers: 4
 Periodic GC: Disabled
Heap:
 garbage-first heap   total 135168K, used 51513K [0x00000000c0000000, 0x0000000100000000)
  region size 1024K, 1 young (1024K), 0 survivors (0K)
 Metaspace       used 68266K, committed 69184K, reserved 1114112K
  class space    used 8229K, committed 8640K, reserved 1048576K
GC Heap History (20 events):
Event: 3519.993 GC heap after
{Heap after GC invocations=202 (full 145):
 garbage-first heap   total 135168K, used 51513K [0x00000000c0000000, 0x0000000100000000)
  region size 1024K, 0 young (0K), 0 survivors (0K)
 Metaspace       used 68266K, committed 69184K, reserved 1114112K
  class space    used 8229K, committed 8640K, reserved 1048576K
}
Event: 3530.095 GC heap before
{Heap before GC invocations=202 (full 145):
 garbage-first heap   total 135168K, used 51513K [0x00000000c0000000, 0x0000000100000000)
  region size 1024K, 1 young (1024K), 0 survivors (0K)
 Metaspace       used 68266K, committed 69184K, reserved 1114112K
  class space    used 8229K, committed 8640K, reserved 1048576K
}
Event: 3530.129 GC heap after
{Heap after GC invocations=203 (full 146):
 garbage-first heap   total 135168K, used 51513K [0x00000000c0000000, 0x0000000100000000)
  region size 1024K, 0 young (0K), 0 survivors (0K)
 Metaspace       used 68266K, committed 69184K, reserved 1114112K
  class space    used 8229K, committed 8640K, reserved 1048576K
}
Event: 3540.283 GC heap before
{Heap before GC invocations=203 (full 146):
 garbage-first heap   total 135168K, used 51513K [0x00000000c0000000, 0x0000000100000000)
  region size 1024K, 1 young (1024K), 0 survivors (0K)
 Metaspace       used 68266K, committed 69184K, reserved 1114112K
  class space    used 8229K, committed 8640K, reserved 1048576K
}
Event: 3540.322 GC heap after
{Heap after GC invocations=204 (full 147):
 garbage-first heap   total 135168K, used 51513K [0x00000000c0000000, 0x0000000100000000)
  region size 1024K, 0 young (0K), 0 survivors (0K)
 Metaspace       used 68266K, committed 69184K, reserved 1114112K
  class space    used 8229K, committed 8640K, reserved 1048576K
}
Event: 3550.409 GC heap before
{Heap before GC invocations=204 (full 147):
 garbage-first heap   total 135168K, used 51513K [0x00000000c0000000, 0x0000000100000000)
  region size 1024K, 1 young (1024K), 0 survivors (0K)
 Metaspace       used 68266K, committed 69184K, reserved 1114112K
  class space    used 8229K, committed 8640K, reserved 1048576K
}
Event: 3550.442 GC heap after
{Heap after GC invocations=205 (full 148):
 garbage-first heap   total 135168K, used 51513K [0x00000000c0000000, 0x0000000100000000)
  region size 1024K, 0 young (0K), 0 survivors (0K)
 Metaspace       used 68266K, committed 69184K, reserved 1114112K
  class space    used 8229K, committed 8640K, reserved 1048576K
}
Event: 3560.538 GC heap before
{Heap before GC invocations=205 (full 148):
 garbage-first heap   total 135168K, used 51513K [0x00000000c0000000, 0x0000000100000000)
  region size 1024K, 1 young (1024K), 0 survivors (0K)
 Metaspace       used 68266K, committed 69184K, reserved 1114112K
  class space    used 8229K, committed 8640K, reserved 1048576K
}
Event: 3560.570 GC heap after
{Heap after GC invocations=206 (full 149):
 garbage-first heap   total 135168K, used 51513K [0x00000000c0000000, 0x0000000100000000)
  region size 1024K, 0 young (0K), 0 survivors (0K)
 Metaspace       used 68266K, committed 69184K, reserved 1114112K
  class space    used 8229K, committed 8640K, reserved 1048576K
}
Event: 3570.675 GC heap before
{Heap before GC invocations=206 (full 149):
 garbage-first heap   total 135168K, used 51513K [0x00000000c0000000, 0x0000000100000000)
  region size 1024K, 1 young (1024K), 0 survivors (0K)
 Metaspace       used 68266K, committed 69184K, reserved 1114112K
  class space    used 8229K, committed 8640K, reserved 1048576K
}
Event: 3570.708 GC heap after
{Heap after GC invocations=207 (full 150):
 garbage-first heap   total 135168K, used 51513K [0x00000000c0000000, 0x0000000100000000)
  region size 1024K, 0 young (0K), 0 survivors (0K)
 Metaspace       used 68266K, committed 69184K, reserved 1114112K
  class space    used 8229K, committed 8640K, reserved 1048576K
}
Event: 3580.812 GC heap before
{Heap before GC invocations=207 (full 150):
 garbage-first heap   total 135168K, used 51513K [0x00000000c0000000, 0x0000000100000000)
  region size 1024K, 1 young (1024K), 0 survivors (0K)
 Metaspace       used 68266K, committed 69184K, reserved 1114112K
  class space    used 8229K, committed 8640K, reserved 1048576K
}
Event: 3580.845 GC heap after
{Heap after GC invocations=208 (full 151):
 garbage-first heap   total 135168K, used 51513K [0x00000000c0000000, 0x0000000100000000)
  region size 1024K, 0 young (0K), 0 survivors (0K)
 Metaspace       used 68266K, committed 69184K, reserved 1114112K
  class space    used 8229K, committed 8640K, reserved 1048576K
}
Event: 3590.939 GC heap before
{Heap before GC invocations=208 (full 151):
 garbage-first heap   total 135168K, used 51513K [0x00000000c0000000, 0x0000000100000000)
  region size 1024K, 1 young (1024K), 0 survivors (0K)
 Metaspace       used 68266K, committed 69184K, reserved 1114112K
  class space    used 8229K, committed 8640K, reserved 1048576K
}
Event: 3590.972 GC heap after
{Heap after GC invocations=209 (full 152):
 garbage-first heap   total 135168K, used 51513K [0x00000000c0000000, 0x0000000100000000)
  region size 1024K, 0 young (0K), 0 survivors (0K)
 Metaspace       used 68266K, committed 69184K, reserved 1114112K
  class space    used 8229K, committed 8640K, reserved 1048576K
}
Event: 3601.111 GC heap before
{Heap before GC invocations=209 (full 152):
 garbage-first heap   total 135168K, used 51513K [0x00000000c0000000, 0x0000000100000000)
  region size 1024K, 1 young (1024K), 0 survivors (0K)
 Metaspace       used 68266K, committed 69184K, reserved 1114112K
  class space    used 8229K, committed 8640K, reserved 1048576K
}
Event: 3601.144 GC heap after
{Heap after GC invocations=210 (full 153):
 garbage-first heap   total 135168K, used 51513K [0x00000000c0000000, 0x0000000100000000)
  region size 1024K, 0 young (0K), 0 survivors (0K)
 Metaspace       used 68266K, committed 69184K, reserved 1114112K
  class space    used 8229K, committed 8640K, reserved 1048576K
}
Event: 3611.280 GC heap before
{Heap before GC invocations=210 (full 153):
 garbage-first heap   total 135168K, used 51513K [0x00000000c0000000, 0x0000000100000000)
  region size 1024K, 1 young (1024K), 0 survivors (0K)
 Metaspace       used 68266K, committed 69184K, reserved 1114112K
  class space    used 8229K, committed 8640K, reserved 1048576K
}
Event: 3611.314 GC heap after
{Heap after GC invocations=211 (full 154):
 garbage-first heap   total 135168K, used 51513K [0x00000000c0000000, 0x0000000100000000)
  region size 1024K, 0 young (0K), 0 survivors (0K)
 Metaspace       used 68266K, committed 69184K, reserved 1114112K
  class space    used 8229K, committed 8640K, reserved 1048576K
}
Event: 3880.386 GC heap before
{Heap before GC invocations=211 (full 154):
 garbage-first heap   total 135168K, used 51513K [0x00000000c0000000, 0x0000000100000000)
  region size 1024K, 1 young (1024K), 0 survivors (0K)
 Metaspace       used 68266K, committed 69184K, reserved 1114112K
  class space    used 8229K, committed 8640K, reserved 1048576K
}

