# JRE version: OpenJDK Runtime Environment Temurin-21.0.3+9 (21.0.3+9) (build 21.0.3+9-LTS)
# Java VM: OpenJDK 64-Bit Server VM Temurin-21.0.3+9 (21.0.3+9-LTS, mixed mode, emulated-client, tiered, compressed oops, compressed class ptrs, g1 gc, windows-amd64)
GC Precious Log:
 CardTable entry size: 512
 Card Set container configuration: InlinePtr #cards 5 size 8 Array Of Cards #cards 12 size 40 Howl #buckets 4 coarsen threshold 1843 Howl Bitmap #cards 512 size 80 coarsen threshold 460 Card regions per heap region 1 cards per card region 2048
 CPUs: 4 total, 4 available
 Memory: 3838M
 Large Page Support: Disabled
 NUMA Support: Disabled
 Compressed Oops: Enabled (32-bit)
 Heap Region Size: 1M
 Heap Min Capacity: 8M
 Heap Initial Capacity: 60M
 Heap Max Capacity: 1G
 Pre-touch: Disabled
 Parallel Workers: 4
 Concurrent Workers: 1
 Concurrent Refinement Workers: 4
 Periodic GC: Disabled
Heap:
 garbage-first heap   total 135168K, used 51096K [0x00000000c0000000, 0x0000000100000000)
  region size 1024K, 1 young (1024K), 0 survivors (0K)
 Metaspace       used 67730K, committed 68800K, reserved 1114112K
  class space    used 8163K, committed 8640K, reserved 1048576K
GC Heap History (20 events):
Event: 5296.351 GC heap after
{Heap after GC invocations=394 (full 327):
 garbage-first heap   total 135168K, used 51086K [0x00000000c0000000, 0x0000000100000000)
  region size 1024K, 0 young (0K), 0 survivors (0K)
 Metaspace       used 67720K, committed 68800K, reserved 1114112K
  class space    used 8161K, committed 8640K, reserved 1048576K
}
Event: 5306.513 GC heap before
{Heap before GC invocations=394 (full 327):
 garbage-first heap   total 135168K, used 51086K [0x00000000c0000000, 0x0000000100000000)
  region size 1024K, 1 young (1024K), 0 survivors (0K)
 Metaspace       used 67720K, committed 68800K, reserved 1114112K
  class space    used 8161K, committed 8640K, reserved 1048576K
}
Event: 5306.549 GC heap after
{Heap after GC invocations=395 (full 328):
 garbage-first heap   total 135168K, used 51086K [0x00000000c0000000, 0x0000000100000000)
  region size 1024K, 0 young (0K), 0 survivors (0K)
 Metaspace       used 67720K, committed 68800K, reserved 1114112K
  class space    used 8161K, committed 8640K, reserved 1048576K
}
Event: 5316.648 GC heap before
{Heap before GC invocations=395 (full 328):
 garbage-first heap   total 135168K, used 51086K [0x00000000c0000000, 0x0000000100000000)
  region size 1024K, 1 young (1024K), 0 survivors (0K)
 Metaspace       used 67720K, committed 68800K, reserved 1114112K
  class space    used 8161K, committed 8640K, reserved 1048576K
}
Event: 5316.679 GC heap after
{Heap after GC invocations=396 (full 329):
 garbage-first heap   total 135168K, used 51086K [0x00000000c0000000, 0x0000000100000000)
  region size 1024K, 0 young (0K), 0 survivors (0K)
 Metaspace       used 67720K, committed 68800K, reserved 1114112K
  class space    used 8161K, committed 8640K, reserved 1048576K
}
Event: 5326.778 GC heap before
{Heap before GC invocations=396 (full 329):
 garbage-first heap   total 135168K, used 51086K [0x00000000c0000000, 0x0000000100000000)
  region size 1024K, 1 young (1024K), 0 survivors (0K)
 Metaspace       used 67720K, committed 68800K, reserved 1114112K
  class space    used 8161K, committed 8640K, reserved 1048576K
}
Event: 5326.812 GC heap after
{Heap after GC invocations=397 (full 330):
 garbage-first heap   total 135168K, used 51086K [0x00000000c0000000, 0x0000000100000000)
  region size 1024K, 0 young (0K), 0 survivors (0K)
 Metaspace       used 67720K, committed 68800K, reserved 1114112K
  class space    used 8161K, committed 8640K, reserved 1048576K
}
Event: 5336.912 GC heap before
{Heap before GC invocations=397 (full 330):
 garbage-first heap   total 135168K, used 51086K [0x00000000c0000000, 0x0000000100000000)
  region size 1024K, 1 young (1024K), 0 survivors (0K)
 Metaspace       used 67720K, committed 68800K, reserved 1114112K
  class space    used 8161K, committed 8640K, reserved 1048576K
}
Event: 5336.941 GC heap after
{Heap after GC invocations=398 (full 331):
 garbage-first heap   total 135168K, used 51086K [0x00000000c0000000, 0x0000000100000000)
  region size 1024K, 0 young (0K), 0 survivors (0K)
 Metaspace       used 67720K, committed 68800K, reserved 1114112K
  class space    used 8161K, committed 8640K, reserved 1048576K
}
Event: 5347.055 GC heap before
{Heap before GC invocations=398 (full 331):
 garbage-first heap   total 135168K, used 51086K [0x00000000c0000000, 0x0000000100000000)
  region size 1024K, 1 young (1024K), 0 survivors (0K)
 Metaspace       used 67720K, committed 68800K, reserved 1114112K
  class space    used 8161K, committed 8640K, reserved 1048576K
}
Event: 5347.089 GC heap after
{Heap after GC invocations=399 (full 332):
 garbage-first heap   total 135168K, used 51086K [0x00000000c0000000, 0x0000000100000000)
  region size 1024K, 0 young (0K), 0 survivors (0K)
 Metaspace       used 67720K, committed 68800K, reserved 1114112K
  class space    used 8161K, committed 8640K, reserved 1048576K
}
Event: 5357.179 GC heap before
{Heap before GC invocations=399 (full 332):
 garbage-first heap   total 135168K, used 51086K [0x00000000c0000000, 0x0000000100000000)
  region size 1024K, 1 young (1024K), 0 survivors (0K)
 Metaspace       used 67720K, committed 68800K, reserved 1114112K
  class space    used 8161K, committed 8640K, reserved 1048576K
}
Event: 5357.209 GC heap after
{Heap after GC invocations=400 (full 333):
 garbage-first heap   total 135168K, used 51086K [0x00000000c0000000, 0x0000000100000000)
  region size 1024K, 0 young (0K), 0 survivors (0K)
 Metaspace       used 67720K, committed 68800K, reserved 1114112K
  class space    used 8161K, committed 8640K, reserved 1048576K
}
Event: 5367.301 GC heap before
{Heap before GC invocations=400 (full 333):
 garbage-first heap   total 135168K, used 51086K [0x00000000c0000000, 0x0000000100000000)
  region size 1024K, 1 young (1024K), 0 survivors (0K)
 Metaspace       used 67720K, committed 68800K, reserved 1114112K
  class space    used 8161K, committed 8640K, reserved 1048576K
}
Event: 5367.334 GC heap after
{Heap after GC invocations=401 (full 334):
 garbage-first heap   total 135168K, used 51086K [0x00000000c0000000, 0x0000000100000000)
  region size 1024K, 0 young (0K), 0 survivors (0K)
 Metaspace       used 67720K, committed 68800K, reserved 1114112K
  class space    used 8161K, committed 8640K, reserved 1048576K
}
Event: 5377.424 GC heap before
{Heap before GC invocations=401 (full 334):
 garbage-first heap   total 135168K, used 51086K [0x00000000c0000000, 0x0000000100000000)
  region size 1024K, 1 young (1024K), 0 survivors (0K)
 Metaspace       used 67720K, committed 68800K, reserved 1114112K
  class space    used 8161K, committed 8640K, reserved 1048576K
}
Event: 5377.459 GC heap after
{Heap after GC invocations=402 (full 335):
 garbage-first heap   total 135168K, used 51086K [0x00000000c0000000, 0x0000000100000000)
  region size 1024K, 0 young (0K), 0 survivors (0K)
 Metaspace       used 67720K, committed 68800K, reserved 1114112K
  class space    used 8161K, committed 8640K, reserved 1048576K
}
Event: 5387.713 GC heap before
{Heap before GC invocations=402 (full 335):
 garbage-first heap   total 135168K, used 51086K [0x00000000c0000000, 0x0000000100000000)
  region size 1024K, 1 young (1024K), 0 survivors (0K)
 Metaspace       used 67730K, committed 68800K, reserved 1114112K
  class space    used 8163K, committed 8640K, reserved 1048576K
}
Event: 5387.744 GC heap after
{Heap after GC invocations=403 (full 336):
 garbage-first heap   total 135168K, used 51096K [0x00000000c0000000, 0x0000000100000000)
  region size 1024K, 0 young (0K), 0 survivors (0K)
 Metaspace       used 67730K, committed 68800K, reserved 1114112K
  class space    used 8163K, committed 8640K, reserved 1048576K
}
Event: 5397.853 GC heap before
{Heap before GC invocations=403 (full 336):
 garbage-first heap   total 135168K, used 51096K [0x00000000c0000000, 0x0000000100000000)
  region size 1024K, 1 young (1024K), 0 survivors (0K)
 Metaspace       used 67730K, committed 68800K, reserved 1114112K
  class space    used 8163K, committed 8640K, reserved 1048576K
}

