# JRE version: OpenJDK Runtime Environment Temurin-21.0.3+9 (21.0.3+9) (build 21.0.3+9-LTS)
# Java VM: OpenJDK 64-Bit Server VM Temurin-21.0.3+9 (21.0.3+9-LTS, mixed mode, emulated-client, tiered, compressed oops, compressed class ptrs, g1 gc, windows-amd64)
GC Precious Log:
 CardTable entry size: 512
 Card Set container configuration: InlinePtr #cards 5 size 8 Array Of Cards #cards 12 size 40 Howl #buckets 4 coarsen threshold 1843 Howl Bitmap #cards 512 size 80 coarsen threshold 460 Card regions per heap region 1 cards per card region 2048
 CPUs: 4 total, 4 available
 Memory: 3838M
 Large Page Support: Disabled
 NUMA Support: Disabled
 Compressed Oops: Enabled (32-bit)
 Heap Region Size: 1M
 Heap Min Capacity: 8M
 Heap Initial Capacity: 60M
 Heap Max Capacity: 1G
 Pre-touch: Disabled
 Parallel Workers: 4
 Concurrent Workers: 1
 Concurrent Refinement Workers: 4
 Periodic GC: Disabled
Heap:
 garbage-first heap   total 96256K, used 42824K [0x00000000c0000000, 0x0000000100000000)
  region size 1024K, 1 young (1024K), 0 survivors (0K)
 Metaspace       used 67273K, committed 68288K, reserved 1114112K
  class space    used 8061K, committed 8512K, reserved 1048576K
GC Heap History (20 events):
Event: 2897.004 GC heap after
{Heap after GC invocations=268 (full 210):
 garbage-first heap   total 96256K, used 42837K [0x00000000c0000000, 0x0000000100000000)
  region size 1024K, 0 young (0K), 0 survivors (0K)
 Metaspace       used 67283K, committed 68288K, reserved 1114112K
  class space    used 8062K, committed 8512K, reserved 1048576K
}
Event: 2907.083 GC heap before
{Heap before GC invocations=268 (full 210):
 garbage-first heap   total 96256K, used 42837K [0x00000000c0000000, 0x0000000100000000)
  region size 1024K, 1 young (1024K), 0 survivors (0K)
 Metaspace       used 67283K, committed 68288K, reserved 1114112K
  class space    used 8062K, committed 8512K, reserved 1048576K
}
Event: 2907.123 GC heap after
{Heap after GC invocations=269 (full 211):
 garbage-first heap   total 96256K, used 42837K [0x00000000c0000000, 0x0000000100000000)
  region size 1024K, 0 young (0K), 0 survivors (0K)
 Metaspace       used 67283K, committed 68288K, reserved 1114112K
  class space    used 8062K, committed 8512K, reserved 1048576K
}
Event: 2917.217 GC heap before
{Heap before GC invocations=269 (full 211):
 garbage-first heap   total 96256K, used 42837K [0x00000000c0000000, 0x0000000100000000)
  region size 1024K, 1 young (1024K), 0 survivors (0K)
 Metaspace       used 67283K, committed 68288K, reserved 1114112K
  class space    used 8062K, committed 8512K, reserved 1048576K
}
Event: 2917.251 GC heap after
{Heap after GC invocations=270 (full 212):
 garbage-first heap   total 96256K, used 42837K [0x00000000c0000000, 0x0000000100000000)
  region size 1024K, 0 young (0K), 0 survivors (0K)
 Metaspace       used 67283K, committed 68288K, reserved 1114112K
  class space    used 8062K, committed 8512K, reserved 1048576K
}
Event: 2927.345 GC heap before
{Heap before GC invocations=270 (full 212):
 garbage-first heap   total 96256K, used 42837K [0x00000000c0000000, 0x0000000100000000)
  region size 1024K, 1 young (1024K), 0 survivors (0K)
 Metaspace       used 67283K, committed 68288K, reserved 1114112K
  class space    used 8062K, committed 8512K, reserved 1048576K
}
Event: 2927.383 GC heap after
{Heap after GC invocations=271 (full 213):
 garbage-first heap   total 96256K, used 42824K [0x00000000c0000000, 0x0000000100000000)
  region size 1024K, 0 young (0K), 0 survivors (0K)
 Metaspace       used 67273K, committed 68288K, reserved 1114112K
  class space    used 8061K, committed 8512K, reserved 1048576K
}
Event: 2937.476 GC heap before
{Heap before GC invocations=271 (full 213):
 garbage-first heap   total 96256K, used 42824K [0x00000000c0000000, 0x0000000100000000)
  region size 1024K, 1 young (1024K), 0 survivors (0K)
 Metaspace       used 67273K, committed 68288K, reserved 1114112K
  class space    used 8061K, committed 8512K, reserved 1048576K
}
Event: 2937.510 GC heap after
{Heap after GC invocations=272 (full 214):
 garbage-first heap   total 96256K, used 42824K [0x00000000c0000000, 0x0000000100000000)
  region size 1024K, 0 young (0K), 0 survivors (0K)
 Metaspace       used 67273K, committed 68288K, reserved 1114112K
  class space    used 8061K, committed 8512K, reserved 1048576K
}
Event: 2947.598 GC heap before
{Heap before GC invocations=272 (full 214):
 garbage-first heap   total 96256K, used 42824K [0x00000000c0000000, 0x0000000100000000)
  region size 1024K, 1 young (1024K), 0 survivors (0K)
 Metaspace       used 67273K, committed 68288K, reserved 1114112K
  class space    used 8061K, committed 8512K, reserved 1048576K
}
Event: 2947.632 GC heap after
{Heap after GC invocations=273 (full 215):
 garbage-first heap   total 96256K, used 42824K [0x00000000c0000000, 0x0000000100000000)
  region size 1024K, 0 young (0K), 0 survivors (0K)
 Metaspace       used 67273K, committed 68288K, reserved 1114112K
  class space    used 8061K, committed 8512K, reserved 1048576K
}
Event: 2957.712 GC heap before
{Heap before GC invocations=273 (full 215):
 garbage-first heap   total 96256K, used 42824K [0x00000000c0000000, 0x0000000100000000)
  region size 1024K, 1 young (1024K), 0 survivors (0K)
 Metaspace       used 67273K, committed 68288K, reserved 1114112K
  class space    used 8061K, committed 8512K, reserved 1048576K
}
Event: 2957.745 GC heap after
{Heap after GC invocations=274 (full 216):
 garbage-first heap   total 96256K, used 42824K [0x00000000c0000000, 0x0000000100000000)
  region size 1024K, 0 young (0K), 0 survivors (0K)
 Metaspace       used 67273K, committed 68288K, reserved 1114112K
  class space    used 8061K, committed 8512K, reserved 1048576K
}
Event: 3325.380 GC heap before
{Heap before GC invocations=274 (full 216):
 garbage-first heap   total 96256K, used 42824K [0x00000000c0000000, 0x0000000100000000)
  region size 1024K, 1 young (1024K), 0 survivors (0K)
 Metaspace       used 67273K, committed 68288K, reserved 1114112K
  class space    used 8061K, committed 8512K, reserved 1048576K
}
Event: 3325.429 GC heap after
{Heap after GC invocations=275 (full 217):
 garbage-first heap   total 96256K, used 42824K [0x00000000c0000000, 0x0000000100000000)
  region size 1024K, 0 young (0K), 0 survivors (0K)
 Metaspace       used 67273K, committed 68288K, reserved 1114112K
  class space    used 8061K, committed 8512K, reserved 1048576K
}
Event: 3335.603 GC heap before
{Heap before GC invocations=275 (full 217):
 garbage-first heap   total 96256K, used 42824K [0x00000000c0000000, 0x0000000100000000)
  region size 1024K, 1 young (1024K), 0 survivors (0K)
 Metaspace       used 67273K, committed 68288K, reserved 1114112K
  class space    used 8061K, committed 8512K, reserved 1048576K
}
Event: 3335.656 GC heap after
{Heap after GC invocations=276 (full 218):
 garbage-first heap   total 96256K, used 42824K [0x00000000c0000000, 0x0000000100000000)
  region size 1024K, 0 young (0K), 0 survivors (0K)
 Metaspace       used 67273K, committed 68288K, reserved 1114112K
  class space    used 8061K, committed 8512K, reserved 1048576K
}
Event: 3345.885 GC heap before
{Heap before GC invocations=276 (full 218):
 garbage-first heap   total 96256K, used 42824K [0x00000000c0000000, 0x0000000100000000)
  region size 1024K, 1 young (1024K), 0 survivors (0K)
 Metaspace       used 67273K, committed 68288K, reserved 1114112K
  class space    used 8061K, committed 8512K, reserved 1048576K
}
Event: 3345.946 GC heap after
{Heap after GC invocations=277 (full 219):
 garbage-first heap   total 96256K, used 42824K [0x00000000c0000000, 0x0000000100000000)
  region size 1024K, 0 young (0K), 0 survivors (0K)
 Metaspace       used 67273K, committed 68288K, reserved 1114112K
  class space    used 8061K, committed 8512K, reserved 1048576K
}
Event: 3365.712 GC heap before
{Heap before GC invocations=277 (full 219):
 garbage-first heap   total 96256K, used 42824K [0x00000000c0000000, 0x0000000100000000)
  region size 1024K, 1 young (1024K), 0 survivors (0K)
 Metaspace       used 67273K, committed 68288K, reserved 1114112K
  class space    used 8061K, committed 8512K, reserved 1048576K
}

