# JRE version: OpenJDK Runtime Environment Temurin-21.0.3+9 (21.0.3+9) (build 21.0.3+9-LTS)
# Java VM: OpenJDK 64-Bit Server VM Temurin-21.0.3+9 (21.0.3+9-LTS, mixed mode, emulated-client, tiered, compressed oops, compressed class ptrs, g1 gc, windows-amd64)
GC Precious Log:
 CardTable entry size: 512
 Card Set container configuration: InlinePtr #cards 5 size 8 Array Of Cards #cards 12 size 40 Howl #buckets 4 coarsen threshold 1843 Howl Bitmap #cards 512 size 80 coarsen threshold 460 Card regions per heap region 1 cards per card region 2048
 CPUs: 4 total, 4 available
 Memory: 3838M
 Large Page Support: Disabled
 NUMA Support: Disabled
 Compressed Oops: Enabled (32-bit)
 Heap Region Size: 1M
 Heap Min Capacity: 8M
 Heap Initial Capacity: 60M
 Heap Max Capacity: 1G
 Pre-touch: Disabled
 Parallel Workers: 4
 Concurrent Workers: 1
 Concurrent Refinement Workers: 4
 Periodic GC: Disabled
Heap:
 garbage-first heap   total 107520K, used 41290K [0x00000000c0000000, 0x0000000100000000)
  region size 1024K, 1 young (1024K), 0 survivors (0K)
 Metaspace       used 64024K, committed 65152K, reserved 1114112K
  class space    used 7558K, committed 8000K, reserved 1048576K
GC Heap History (20 events):
Event: 1448.078 GC heap after
{Heap after GC invocations=158 (full 135):
 garbage-first heap   total 107520K, used 41290K [0x00000000c0000000, 0x0000000100000000)
  region size 1024K, 0 young (0K), 0 survivors (0K)
 Metaspace       used 64024K, committed 65152K, reserved 1114112K
  class space    used 7558K, committed 8000K, reserved 1048576K
}
Event: 1458.271 GC heap before
{Heap before GC invocations=158 (full 135):
 garbage-first heap   total 107520K, used 41290K [0x00000000c0000000, 0x0000000100000000)
  region size 1024K, 1 young (1024K), 0 survivors (0K)
 Metaspace       used 64024K, committed 65152K, reserved 1114112K
  class space    used 7558K, committed 8000K, reserved 1048576K
}
Event: 1458.305 GC heap after
{Heap after GC invocations=159 (full 136):
 garbage-first heap   total 107520K, used 41290K [0x00000000c0000000, 0x0000000100000000)
  region size 1024K, 0 young (0K), 0 survivors (0K)
 Metaspace       used 64024K, committed 65152K, reserved 1114112K
  class space    used 7558K, committed 8000K, reserved 1048576K
}
Event: 1468.479 GC heap before
{Heap before GC invocations=159 (full 136):
 garbage-first heap   total 107520K, used 41290K [0x00000000c0000000, 0x0000000100000000)
  region size 1024K, 1 young (1024K), 0 survivors (0K)
 Metaspace       used 64024K, committed 65152K, reserved 1114112K
  class space    used 7558K, committed 8000K, reserved 1048576K
}
Event: 1468.512 GC heap after
{Heap after GC invocations=160 (full 137):
 garbage-first heap   total 107520K, used 41290K [0x00000000c0000000, 0x0000000100000000)
  region size 1024K, 0 young (0K), 0 survivors (0K)
 Metaspace       used 64024K, committed 65152K, reserved 1114112K
  class space    used 7558K, committed 8000K, reserved 1048576K
}
Event: 1478.639 GC heap before
{Heap before GC invocations=160 (full 137):
 garbage-first heap   total 107520K, used 41290K [0x00000000c0000000, 0x0000000100000000)
  region size 1024K, 1 young (1024K), 0 survivors (0K)
 Metaspace       used 64024K, committed 65152K, reserved 1114112K
  class space    used 7558K, committed 8000K, reserved 1048576K
}
Event: 1478.678 GC heap after
{Heap after GC invocations=161 (full 138):
 garbage-first heap   total 107520K, used 41290K [0x00000000c0000000, 0x0000000100000000)
  region size 1024K, 0 young (0K), 0 survivors (0K)
 Metaspace       used 64024K, committed 65152K, reserved 1114112K
  class space    used 7558K, committed 8000K, reserved 1048576K
}
Event: 1488.986 GC heap before
{Heap before GC invocations=161 (full 138):
 garbage-first heap   total 107520K, used 41290K [0x00000000c0000000, 0x0000000100000000)
  region size 1024K, 1 young (1024K), 0 survivors (0K)
 Metaspace       used 64024K, committed 65152K, reserved 1114112K
  class space    used 7558K, committed 8000K, reserved 1048576K
}
Event: 1489.021 GC heap after
{Heap after GC invocations=162 (full 139):
 garbage-first heap   total 107520K, used 41290K [0x00000000c0000000, 0x0000000100000000)
  region size 1024K, 0 young (0K), 0 survivors (0K)
 Metaspace       used 64024K, committed 65152K, reserved 1114112K
  class space    used 7558K, committed 8000K, reserved 1048576K
}
Event: 1499.149 GC heap before
{Heap before GC invocations=162 (full 139):
 garbage-first heap   total 107520K, used 41290K [0x00000000c0000000, 0x0000000100000000)
  region size 1024K, 1 young (1024K), 0 survivors (0K)
 Metaspace       used 64024K, committed 65152K, reserved 1114112K
  class space    used 7558K, committed 8000K, reserved 1048576K
}
Event: 1499.187 GC heap after
{Heap after GC invocations=163 (full 140):
 garbage-first heap   total 107520K, used 41290K [0x00000000c0000000, 0x0000000100000000)
  region size 1024K, 0 young (0K), 0 survivors (0K)
 Metaspace       used 64024K, committed 65152K, reserved 1114112K
  class space    used 7558K, committed 8000K, reserved 1048576K
}
Event: 1509.372 GC heap before
{Heap before GC invocations=163 (full 140):
 garbage-first heap   total 107520K, used 41290K [0x00000000c0000000, 0x0000000100000000)
  region size 1024K, 1 young (1024K), 0 survivors (0K)
 Metaspace       used 64024K, committed 65152K, reserved 1114112K
  class space    used 7558K, committed 8000K, reserved 1048576K
}
Event: 1509.407 GC heap after
{Heap after GC invocations=164 (full 141):
 garbage-first heap   total 107520K, used 41290K [0x00000000c0000000, 0x0000000100000000)
  region size 1024K, 0 young (0K), 0 survivors (0K)
 Metaspace       used 64024K, committed 65152K, reserved 1114112K
  class space    used 7558K, committed 8000K, reserved 1048576K
}
Event: 1519.568 GC heap before
{Heap before GC invocations=164 (full 141):
 garbage-first heap   total 107520K, used 41290K [0x00000000c0000000, 0x0000000100000000)
  region size 1024K, 1 young (1024K), 0 survivors (0K)
 Metaspace       used 64024K, committed 65152K, reserved 1114112K
  class space    used 7558K, committed 8000K, reserved 1048576K
}
Event: 1519.607 GC heap after
{Heap after GC invocations=165 (full 142):
 garbage-first heap   total 107520K, used 41290K [0x00000000c0000000, 0x0000000100000000)
  region size 1024K, 0 young (0K), 0 survivors (0K)
 Metaspace       used 64024K, committed 65152K, reserved 1114112K
  class space    used 7558K, committed 8000K, reserved 1048576K
}
Event: 1530.189 GC heap before
{Heap before GC invocations=165 (full 142):
 garbage-first heap   total 107520K, used 41290K [0x00000000c0000000, 0x0000000100000000)
  region size 1024K, 1 young (1024K), 0 survivors (0K)
 Metaspace       used 64024K, committed 65152K, reserved 1114112K
  class space    used 7558K, committed 8000K, reserved 1048576K
}
Event: 1530.223 GC heap after
{Heap after GC invocations=166 (full 143):
 garbage-first heap   total 107520K, used 41290K [0x00000000c0000000, 0x0000000100000000)
  region size 1024K, 0 young (0K), 0 survivors (0K)
 Metaspace       used 64024K, committed 65152K, reserved 1114112K
  class space    used 7558K, committed 8000K, reserved 1048576K
}
Event: 1541.006 GC heap before
{Heap before GC invocations=166 (full 143):
 garbage-first heap   total 107520K, used 41290K [0x00000000c0000000, 0x0000000100000000)
  region size 1024K, 1 young (1024K), 0 survivors (0K)
 Metaspace       used 64024K, committed 65152K, reserved 1114112K
  class space    used 7558K, committed 8000K, reserved 1048576K
}
Event: 1541.046 GC heap after
{Heap after GC invocations=167 (full 144):
 garbage-first heap   total 107520K, used 41290K [0x00000000c0000000, 0x0000000100000000)
  region size 1024K, 0 young (0K), 0 survivors (0K)
 Metaspace       used 64024K, committed 65152K, reserved 1114112K
  class space    used 7558K, committed 8000K, reserved 1048576K
}
Event: 1551.093 GC heap before
{Heap before GC invocations=167 (full 144):
 garbage-first heap   total 107520K, used 41290K [0x00000000c0000000, 0x0000000100000000)
  region size 1024K, 1 young (1024K), 0 survivors (0K)
 Metaspace       used 64024K, committed 65152K, reserved 1114112K
  class space    used 7558K, committed 8000K, reserved 1048576K
}

